<?xml version="1.0" encoding="UTF-8"?>
<!-- Generated by org.testng.reporters.JUnitXMLReporter -->
<testsuite ignored="0" hostname="DEEPTHI" failures="0" tests="4" name="Test" time="20.674" errors="0" timestamp="2024-02-08T15:15:26 CST">
  <testcase classname="tests.TestTwo" name="testtwo" time="0.011"/>
  <testcase classname="tests.TestThree" name="testthree" time="0.003"/>
  <testcase classname="tests.LoginTest" name="login" time="1.433"/>
  <testcase classname="tests.LoginTest" name="login" time="11.309"/>
</testsuite> <!-- Test -->
