<?xml version="1.0" encoding="UTF-8"?>
<!-- Generated by org.testng.reporters.JUnitXMLReporter -->
<testsuite ignored="0" hostname="DEEPTHI" failures="0" tests="4" name="Test" time="21.692" errors="0" timestamp="2024-02-08T10:16:44 CST">
  <testcase classname="tests.TestTwo" name="testtwo" time="0.0"/>
  <testcase classname="tests.LoginTest" name="login" time="4.481"/>
  <testcase classname="tests.LoginTest" name="login" time="15.079"/>
  <testcase classname="tests.TestThree" name="testthree" time="0.0"/>
</testsuite> <!-- Test -->
