<?xml version="1.0" encoding="UTF-8"?>
<testng-results ignored="0" total="4" passed="4" failed="0" skipped="0">
  <reporter-output>
  </reporter-output>
  <suite started-at="2024-02-08T10:16:22 CST" name="Suite" finished-at="2024-02-08T10:16:44 CST" duration-ms="21692">
    <groups>
    </groups>
    <test started-at="2024-02-08T10:16:22 CST" name="Test" finished-at="2024-02-08T10:16:44 CST" duration-ms="21692">
      <class name="tests.LoginTest">
        <test-method is-config="true" signature="openbrowser()[pri:0, instance:tests.LoginTest@7b9a4292]" started-at="2024-02-08T10:16:22 CST" name="openbrowser" finished-at="2024-02-08T10:16:24 CST" duration-ms="1183" status="PASS">
          <reporter-output>
          </reporter-output>
        </test-method> <!-- openbrowser -->
        <test-method signature="login(java.lang.String,java.lang.String,java.lang.String)[pri:0, instance:tests.LoginTest@7b9a4292]" started-at="2024-02-08T10:16:24 CST" name="login" data-provider="getDatalogin" finished-at="2024-02-08T10:16:28 CST" duration-ms="4481" status="PASS">
          <params>
            <param index="0">
              <value>
                <![CDATA[itsdeepthi24@gmail.com]]>
              </value>
            </param>
            <param index="1">
              <value>
                <![CDATA[Test@123]]>
              </value>
            </param>
            <param index="2">
              <value>
                <![CDATA[success]]>
              </value>
            </param>
          </params>
          <reporter-output>
          </reporter-output>
        </test-method> <!-- login -->
        <test-method is-config="true" signature="closure()[pri:0, instance:tests.LoginTest@7b9a4292]" started-at="2024-02-08T10:16:28 CST" name="closure" finished-at="2024-02-08T10:16:28 CST" duration-ms="88" status="PASS">
          <reporter-output>
          </reporter-output>
        </test-method> <!-- closure -->
        <test-method is-config="true" signature="openbrowser()[pri:0, instance:tests.LoginTest@7b9a4292]" started-at="2024-02-08T10:16:28 CST" name="openbrowser" finished-at="2024-02-08T10:16:29 CST" duration-ms="750" status="PASS">
          <reporter-output>
          </reporter-output>
        </test-method> <!-- openbrowser -->
        <test-method signature="login(java.lang.String,java.lang.String,java.lang.String)[pri:0, instance:tests.LoginTest@7b9a4292]" started-at="2024-02-08T10:16:29 CST" name="login" data-provider="getDatalogin" finished-at="2024-02-08T10:16:44 CST" duration-ms="15079" status="PASS">
          <params>
            <param index="0">
              <value>
                <![CDATA[dummy@test.com]]>
              </value>
            </param>
            <param index="1">
              <value>
                <![CDATA[123456]]>
              </value>
            </param>
            <param index="2">
              <value>
                <![CDATA[failure]]>
              </value>
            </param>
          </params>
          <reporter-output>
          </reporter-output>
        </test-method> <!-- login -->
        <test-method is-config="true" signature="closure()[pri:0, instance:tests.LoginTest@7b9a4292]" started-at="2024-02-08T10:16:44 CST" name="closure" finished-at="2024-02-08T10:16:44 CST" duration-ms="81" status="PASS">
          <reporter-output>
          </reporter-output>
        </test-method> <!-- closure -->
      </class> <!-- tests.LoginTest -->
      <class name="tests.TestTwo">
        <test-method signature="testtwo()[pri:0, instance:tests.TestTwo@4567f35d]" started-at="2024-02-08T10:16:22 CST" name="testtwo" finished-at="2024-02-08T10:16:22 CST" duration-ms="0" status="PASS">
          <reporter-output>
          </reporter-output>
        </test-method> <!-- testtwo -->
      </class> <!-- tests.TestTwo -->
      <class name="tests.TestThree">
        <test-method signature="testthree()[pri:0, instance:tests.TestThree@49139829]" started-at="2024-02-08T10:16:44 CST" name="testthree" finished-at="2024-02-08T10:16:44 CST" duration-ms="0" status="PASS">
          <reporter-output>
          </reporter-output>
        </test-method> <!-- testthree -->
      </class> <!-- tests.TestThree -->
    </test> <!-- Test -->
  </suite> <!-- Suite -->
</testng-results>
